<?xml version="1.0" encoding="UTF-8"?>
<coverage generated="1500661748545" clover="3.2.0">
  <project timestamp="1500661748545" name="All files">
    <metrics statements="9" coveredstatements="8" conditionals="5" coveredconditionals="4" methods="2" coveredmethods="2" elements="16" coveredelements="14" complexity="0" loc="9" ncloc="9" packages="3" files="3" classes="3">
      <package name="redux.constans">
        <metrics statements="1" coveredstatements="1" conditionals="0" coveredconditionals="0" methods="0" coveredmethods="0"/>
        <file name="actionTypes.js" path="/Users/ali_jalbani/dev2/s-cynic/src/main/webapp/client/redux/constans/actionTypes.js">
          <metrics statements="1" coveredstatements="1" conditionals="0" coveredconditionals="0" methods="0" coveredmethods="0"/>
          <line num="1" count="1" type="stmt"/>
        </file>
      </package>
      <package name="redux.reducers">
        <metrics statements="7" coveredstatements="6" conditionals="5" coveredconditionals="4" methods="1" coveredmethods="1"/>
        <file name="cynicES.js" path="/Users/ali_jalbani/dev2/s-cynic/src/main/webapp/client/redux/reducers/cynicES.js">
          <metrics statements="7" coveredstatements="6" conditionals="5" coveredconditionals="4" methods="1" coveredmethods="1"/>
          <line num="3" count="1" type="stmt"/>
          <line num="9" count="1" type="cond" truecount="1" falsecount="0"/>
          <line num="10" count="3" type="cond" truecount="3" falsecount="1"/>
          <line num="12" count="1" type="stmt"/>
          <line num="15" count="0" type="stmt"/>
          <line num="22" count="1" type="stmt"/>
          <line num="31" count="1" type="stmt"/>
        </file>
      </package>
      <package name="utils">
        <metrics statements="1" coveredstatements="1" conditionals="0" coveredconditionals="0" methods="1" coveredmethods="1"/>
        <file name="Mock.js" path="/Users/ali_jalbani/dev2/s-cynic/src/main/webapp/client/utils/Mock.js">
          <metrics statements="1" coveredstatements="1" conditionals="0" coveredconditionals="0" methods="1" coveredmethods="1"/>
          <line num="3" count="2" type="stmt"/>
        </file>
      </package>
    </metrics>
  </project>
</coverage>
