{"/Users/ali_jalbani/dev2/s-cynic/src/main/webapp/client/redux/constans/actionTypes.js": {"path":"/Users/ali_jalbani/dev2/s-cynic/src/main/webapp/client/redux/constans/actionTypes.js","statementMap":{"0":{"start":{"line":1,"column":20},"end":{"line":32,"column":1}}},"fnMap":{},"branchMap":{},"s":{"0":1},"f":{},"b":{},"_coverageSchema":"332fd63041d2c1bcb487cc26dd0d5f7d97098a6c","hash":"e18af95662dfde091ddf8c63b7f6f5a791808b83"}
,"/Users/ali_jalbani/dev2/s-cynic/src/main/webapp/client/redux/reducers/cynicES.js": {"path":"/Users/ali_jalbani/dev2/s-cynic/src/main/webapp/client/redux/reducers/cynicES.js","statementMap":{"0":{"start":{"line":3,"column":19},"end":{"line":8,"column":1}},"1":{"start":{"line":9,"column":23},"end":{"line":34,"column":1}},"2":{"start":{"line":10,"column":4},"end":{"line":33,"column":5}},"3":{"start":{"line":12,"column":12},"end":{"line":12,"column":45}},"4":{"start":{"line":15,"column":12},"end":{"line":19,"column":13}},"5":{"start":{"line":22,"column":12},"end":{"line":28,"column":13}},"6":{"start":{"line":31,"column":12},"end":{"line":31,"column":25}}},"fnMap":{"0":{"name":"(anonymous_0)","decl":{"start":{"line":9,"column":23},"end":{"line":9,"column":24}},"loc":{"start":{"line":9,"column":55},"end":{"line":34,"column":1}},"line":9}},"branchMap":{"0":{"loc":{"start":{"line":9,"column":24},"end":{"line":9,"column":42}},"type":"default-arg","locations":[{"start":{"line":9,"column":30},"end":{"line":9,"column":42}}],"line":9},"1":{"loc":{"start":{"line":10,"column":4},"end":{"line":33,"column":5}},"type":"switch","locations":[{"start":{"line":11,"column":8},"end":{"line":13,"column":9}},{"start":{"line":14,"column":8},"end":{"line":20,"column":9}},{"start":{"line":21,"column":8},"end":{"line":29,"column":9}},{"start":{"line":30,"column":8},"end":{"line":32,"column":9}}],"line":10}},"s":{"0":1,"1":1,"2":3,"3":1,"4":0,"5":1,"6":1},"f":{"0":3},"b":{"0":[3],"1":[1,0,1,1]},"_coverageSchema":"332fd63041d2c1bcb487cc26dd0d5f7d97098a6c","hash":"6af0674a684dbc90126ebef8174217a364c77576"}
,"/Users/ali_jalbani/dev2/s-cynic/src/main/webapp/client/utils/Mock.js": {"path":"/Users/ali_jalbani/dev2/s-cynic/src/main/webapp/client/utils/Mock.js","statementMap":{"0":{"start":{"line":3,"column":8},"end":{"line":510,"column":10}}},"fnMap":{"0":{"name":"(anonymous_0)","decl":{"start":{"line":2,"column":4},"end":{"line":2,"column":5}},"loc":{"start":{"line":2,"column":18},"end":{"line":511,"column":5}},"line":2}},"branchMap":{},"s":{"0":2},"f":{"0":2},"b":{},"_coverageSchema":"332fd63041d2c1bcb487cc26dd0d5f7d97098a6c","hash":"b53e6142080e446158d48d405a4cd25e3a7fd9ec"}
}
