TN:
SF:/Users/ali_jalbani/dev2/s-cynic/src/main/webapp/client/redux/constans/actionTypes.js
FNF:0
FNH:0
DA:1,1
LF:1
LH:1
BRF:0
BRH:0
end_of_record
TN:
SF:/Users/ali_jalbani/dev2/s-cynic/src/main/webapp/client/redux/reducers/cynicES.js
FN:9,(anonymous_0)
FNF:1
FNH:1
FNDA:3,(anonymous_0)
DA:3,1
DA:9,1
DA:10,3
DA:12,1
DA:15,0
DA:22,1
DA:31,1
LF:7
LH:6
BRDA:9,0,0,3
BRDA:10,1,0,1
BRDA:10,1,1,0
BRDA:10,1,2,1
BRDA:10,1,3,1
BRF:5
BRH:4
end_of_record
TN:
SF:/Users/ali_jalbani/dev2/s-cynic/src/main/webapp/client/utils/Mock.js
FN:2,(anonymous_0)
FNF:1
FNH:1
FNDA:2,(anonymous_0)
DA:3,2
LF:1
LH:1
BRF:0
BRH:0
end_of_record
